<?xml version="1.0" encoding="UTF-8"?>
<testng-results ignored="0" total="1" passed="1" failed="0" skipped="0">
  <reporter-output>
    <line>
      <![CDATA[1590.00]]>
    </line>
  </reporter-output>
  <suite started-at="2023-07-19T11:06:22 IST" name="Default suite" finished-at="2023-07-19T11:06:40 IST" duration-ms="18556">
    <groups>
    </groups>
    <test started-at="2023-07-19T11:06:22 IST" name="Default test" finished-at="2023-07-19T11:06:40 IST" duration-ms="18556">
      <class name="Testngs.TestScript">
        <test-method is-config="true" signature="OpenApp()[pri:0, instance:Testngs.TestScript@3e8c3cb]" started-at="2023-07-19T11:06:22 IST" name="OpenApp" finished-at="2023-07-19T11:06:32 IST" duration-ms="10000" status="PASS">
          <reporter-output>
          </reporter-output>
        </test-method> <!-- OpenApp -->
        <test-method signature="Test1(java.lang.String,java.lang.String,java.lang.String)[pri:0, instance:Testngs.TestScript@3e8c3cb]" started-at="2023-07-19T11:06:32 IST" name="Test1" data-provider="Basu" finished-at="2023-07-19T11:06:39 IST" duration-ms="7357" status="PASS">
          <params>
            <param index="0">
              <value>
                <![CDATA[basava@gmail.com]]>
              </value>
            </param>
            <param index="1">
              <value>
                <![CDATA[12345678]]>
              </value>
            </param>
            <param index="2">
              <value>
                <![CDATA[Laptop]]>
              </value>
            </param>
          </params>
          <reporter-output>
            <line>
              <![CDATA[1590.00]]>
            </line>
          </reporter-output>
        </test-method> <!-- Test1 -->
        <test-method is-config="true" signature="CloseApp()[pri:0, instance:Testngs.TestScript@3e8c3cb]" started-at="2023-07-19T11:06:39 IST" name="CloseApp" finished-at="2023-07-19T11:06:40 IST" duration-ms="1147" status="PASS">
          <reporter-output>
          </reporter-output>
        </test-method> <!-- CloseApp -->
      </class> <!-- Testngs.TestScript -->
    </test> <!-- Default test -->
  </suite> <!-- Default suite -->
</testng-results>
